<?xml version="1.0" encoding="UTF-8"?>
<!-- Generated by org.testng.reporters.JUnitReportReporter -->
<testsuite name="com.Am.Basetest.chrome" tests="1" time="10.793" ignored="0" failures="0" timestamp="15 May 2018 11:16:17 GMT" skipped="0" hostname="Kumarmarrireddy" errors="0">
  <testcase name="launch" time="10.793" classname="com.Am.Basetest.chrome"/>
</testsuite> <!-- com.Am.Basetest.chrome -->
