<?xml version="1.0" encoding="UTF-8"?>
<!-- Generated by org.testng.reporters.JUnitReportReporter -->
<testsuite name="com.API.Post" tests="1" time="3.459" ignored="0" failures="0" timestamp="16 Jun 2018 08:05:49 GMT" skipped="0" hostname="Kumarmarrireddy" errors="0">
  <testcase name="RegistrationSuccessful" time="3.459" classname="com.API.Post"/>
</testsuite> <!-- com.API.Post -->
