<?xml version="1.0" encoding="UTF-8"?>
<!-- Generated by org.testng.reporters.JUnitReportReporter -->
<testsuite name="com.aceturtle.jira.JiraData" tests="1" time="7.765" ignored="0" failures="0" timestamp="02 May 2018 09:09:02 GMT" skipped="0" hostname="Kumarmarrireddy" errors="0">
  <testcase name="jira_data" time="7.765" classname="com.aceturtle.jira.JiraData"/>
</testsuite> <!-- com.aceturtle.jira.JiraData -->
