<?xml version="1.0" encoding="UTF-8"?>
<!-- Generated by org.testng.reporters.JUnitReportReporter -->
<testsuite name="com.API.ApiTesting" tests="1" time="3.527" ignored="0" failures="0" timestamp="16 Jun 2018 05:32:39 GMT" skipped="0" hostname="Kumarmarrireddy" errors="0">
  <testcase name="postrequest" time="3.527" classname="com.API.ApiTesting"/>
</testsuite> <!-- com.API.ApiTesting -->
