<?xml version="1.0" encoding="UTF-8"?>
<!-- Generated by org.testng.reporters.JUnitReportReporter -->
<testsuite name="practice.learning.ApiTesting" tests="1" time="2.490" ignored="0" failures="0" timestamp="27 May 2018 18:17:19 GMT" skipped="0" hostname="Kumarmarrireddy" errors="0">
  <testcase name="postrequest" time="2.490" classname="practice.learning.ApiTesting"/>
</testsuite> <!-- practice.learning.ApiTesting -->
