<?xml version="1.0" encoding="UTF-8"?>
<!-- Generated by org.testng.reporters.JUnitReportReporter -->
<testsuite name="com.API.APIXML" tests="1" time="2.150" ignored="0" failures="0" timestamp="12 Jun 2018 02:06:52 GMT" skipped="0" hostname="Kumarmarrireddy" errors="0">
  <testcase name="postrequest" time="2.150" classname="com.API.APIXML"/>
</testsuite> <!-- com.API.APIXML -->
