<?xml version="1.0" encoding="UTF-8"?>
<!-- Generated by org.testng.reporters.JUnitReportReporter -->
<testsuite name="Academy.LoginUserTest" tests="1" time="13.133" ignored="0" failures="0" timestamp="11 Jun 2018 05:44:35 GMT" skipped="0" hostname="Kumarmarrireddy" errors="0">
  <testcase name="basePageNavigation" time="13.133" classname="Academy.LoginUserTest"/>
</testsuite> <!-- Academy.LoginUserTest -->
