<?xml version="1.0" encoding="UTF-8"?>
<!-- Generated by org.testng.reporters.JUnitReportReporter -->
<testsuite name="com.API.PostApiTesting" tests="1" time="0.434" ignored="0" failures="0" timestamp="24 Jun 2018 09:29:48 GMT" skipped="0" hostname="Kumarmarrireddy" errors="0">
  <testcase name="postrequest" time="0.434" classname="com.API.PostApiTesting"/>
</testsuite> <!-- com.API.PostApiTesting -->
