<?xml version="1.0" encoding="UTF-8"?>
<!-- Generated by org.testng.reporters.JUnitReportReporter -->
<testsuite name="Appium.Appium_BaseClass" tests="1" time="16.464" ignored="0" failures="0" timestamp="12 Jun 2018 10:56:34 GMT" skipped="0" hostname="Kumarmarrireddy" errors="0">
  <testcase name="Launch_Application" time="16.464" classname="Appium.Appium_BaseClass"/>
</testsuite> <!-- Appium.Appium_BaseClass -->
