<?xml version="1.0" encoding="UTF-8"?>
<!-- Generated by org.testng.reporters.JUnitReportReporter -->
<testsuite name="ExcelRWData.Catalog" tests="1" time="0.000" ignored="0" failures="0" timestamp="19 Apr 2018 06:23:51 GMT" skipped="1" hostname="Kumarmarrireddy" errors="0">
  <testcase name="invalid" time="0.000" classname="ExcelRWData.Catalog">
    <skipped/>
  </testcase> <!-- invalid -->
</testsuite> <!-- ExcelRWData.Catalog -->
