<?xml version="1.0" encoding="UTF-8"?>
<!-- Generated by org.testng.reporters.JUnitReportReporter -->
<testsuite name="com.API.ApiTesting" tests="1" time="10.470" ignored="0" failures="0" timestamp="09 Jun 2018 18:48:00 GMT" skipped="0" hostname="Kumarmarrireddy" errors="0">
  <testcase name="postrequest" time="10.470" classname="com.API.ApiTesting"/>
</testsuite> <!-- com.API.ApiTesting -->
